[debug] [2025-05-05T09:18:01.315Z] ----------------------------------------------------------------------
[debug] [2025-05-05T09:18:01.319Z] Command:       C:\Program Files\nodejs\node.exe C:\Users\paulo\AppData\Roaming\npm\node_modules\firebase-tools\lib\bin\firebase.js init hosting
[debug] [2025-05-05T09:18:01.319Z] CLI Version:   14.2.2
[debug] [2025-05-05T09:18:01.319Z] Platform:      win32
[debug] [2025-05-05T09:18:01.319Z] Node Version:  v20.11.1
[debug] [2025-05-05T09:18:01.319Z] Time:          Mon May 05 2025 04:18:01 GMT-0500 (hora de Ecuador)
[debug] [2025-05-05T09:18:01.320Z] ----------------------------------------------------------------------
[debug] 
[debug] [2025-05-05T09:18:01.323Z] > command requires scopes: ["email","openid","https://www.googleapis.com/auth/cloudplatformprojects.readonly","https://www.googleapis.com/auth/firebase","https://www.googleapis.com/auth/cloud-platform"]
[debug] [2025-05-05T09:18:01.324Z] > authorizing via signed-in user (pacram92@gmail.com)
[info] 
     ######## #### ########  ######## ########     ###     ######  ########
     ##        ##  ##     ## ##       ##     ##  ##   ##  ##       ##
     ######    ##  ########  ######   ########  #########  ######  ######
     ##        ##  ##    ##  ##       ##     ## ##     ##       ## ##
     ##       #### ##     ## ######## ########  ##     ##  ######  ########

You're about to initialize a Firebase project in this directory:

  C:\Users\paulo\OneDrive\Documentos\GitHub\atom-fe-challenge-template-ng-17

[info] 
=== Project Setup
[info] 
[info] First, let's associate this project directory with a Firebase project.
[info] You can create multiple project aliases by running firebase use --add, 
[info] but for now we'll just set up a default project.
[info] 
[debug] [2025-05-05T09:19:38.763Z] Checked if tokens are valid: true, expires at: 1746440254726
[debug] [2025-05-05T09:19:38.763Z] Checked if tokens are valid: true, expires at: 1746440254726
[debug] [2025-05-05T09:19:38.766Z] >>> [apiv2][query] GET https://firebase.googleapis.com/v1beta1/projects pageSize=100
[debug] [2025-05-05T09:19:39.488Z] <<< [apiv2][status] GET https://firebase.googleapis.com/v1beta1/projects 200
[debug] [2025-05-05T09:19:39.488Z] <<< [apiv2][body] GET https://firebase.googleapis.com/v1beta1/projects [omitted]
[info] i  Using project api-tasks-1c228 (api-tasks) 
[info] 
=== Hosting Setup
[debug] [2025-05-05T09:19:45.936Z] Checked if tokens are valid: true, expires at: 1746440254726
[debug] [2025-05-05T09:19:45.936Z] Checked if tokens are valid: true, expires at: 1746440254726
[debug] [2025-05-05T09:19:45.936Z] >>> [apiv2][query] GET https://firebase.googleapis.com/v1beta1/projects/api-tasks-1c228 [none]
[debug] [2025-05-05T09:19:46.492Z] <<< [apiv2][status] GET https://firebase.googleapis.com/v1beta1/projects/api-tasks-1c228 200
[debug] [2025-05-05T09:19:46.492Z] <<< [apiv2][body] GET https://firebase.googleapis.com/v1beta1/projects/api-tasks-1c228 {"projectId":"api-tasks-1c228","projectNumber":"426609347726","displayName":"api-tasks","name":"projects/api-tasks-1c228","resources":{"hostingSite":"api-tasks-1c228"},"state":"ACTIVE","etag":"1_d4065dd3-8512-4b76-af06-4dd97303d120"}
[info] 
[info] Your public directory is the folder (relative to your project directory) that
[info] will contain Hosting assets to be uploaded with firebase deploy. If you
[info] have a build process for your assets, use your build's output directory.
[info] 
[debug] [2025-05-05T09:20:55.100Z] >>> [apiv2][query] GET https://www.gstatic.com/firebasejs/releases.json [none]
[debug] [2025-05-05T09:20:55.492Z] <<< [apiv2][status] GET https://www.gstatic.com/firebasejs/releases.json 200
[debug] [2025-05-05T09:20:55.492Z] <<< [apiv2][body] GET https://www.gstatic.com/firebasejs/releases.json {"current":{"version":"11.6.1","browserURL":"https://www.gstatic.com/firebasejs/11.6.1/firebase.js","packageURL":"https://www.gstatic.com/firebasejs/11.6.1/firebase.tgz"},"live":{"version":"11.6","browserURL":"https://www.gstatic.com/firebasejs/live/11.6/firebase.js","packageURL":"https://www.gstatic.com/firebasejs/live/11.6/firebase.tgz"},"components":{"analytics":"https://www.gstatic.com/firebasejs/11.6.1/firebase-analytics.js","app":"https://www.gstatic.com/firebasejs/11.6.1/firebase-app.js","app-check":"https://www.gstatic.com/firebasejs/11.6.1/firebase-app-check.js","auth":"https://www.gstatic.com/firebasejs/11.6.1/firebase-auth.js","auth/cordova":"https://www.gstatic.com/firebasejs/11.6.1/firebase-auth/cordova.js","auth/web-extension":"https://www.gstatic.com/firebasejs/11.6.1/firebase-auth/web-extension.js","functions":"https://www.gstatic.com/firebasejs/11.6.1/firebase-functions.js","firestore":"https://www.gstatic.com/firebasejs/11.6.1/firebase-firestore.js","firestore/lite":"https://www.gstatic.com/firebasejs/11.6.1/firebase-firestore/lite.js","installations":"https://www.gstatic.com/firebasejs/11.6.1/firebase-installations.js","storage":"https://www.gstatic.com/firebasejs/11.6.1/firebase-storage.js","performance":"https://www.gstatic.com/firebasejs/11.6.1/firebase-performance.js","remote-config":"https://www.gstatic.com/firebasejs/11.6.1/firebase-remote-config.js","messaging":"https://www.gstatic.com/firebasejs/11.6.1/firebase-messaging.js","messaging/sw":"https://www.gstatic.com/firebasejs/11.6.1/firebase-messaging/sw.js","database":"https://www.gstatic.com/firebasejs/11.6.1/firebase-database.js","vertexai":"https://www.gstatic.com/firebasejs/11.6.1/firebase-vertexai.js","data-connect":"https://www.gstatic.com/firebasejs/11.6.1/firebase-data-connect.js","firestore.memory":"https://www.gstatic.com/firebasejs/11.6.1/firebase-firestore.memory.js"}}
[info] +  Wrote dist/angular-project/index.html 
[info] 
[info] i  Detected a .git folder at C:\Users\paulo\OneDrive\Documentos\GitHub\atom-fe-challenge-template-ng-17 
[info] i  Authorizing with GitHub to upload your service account to a GitHub repository's secrets store. 
[info] 
[info] Visit this URL on this device to log in:
[info] https://github.com/login/oauth/authorize?client_id=89cf50f02ac6aaed3484&state=884128825&redirect_uri=http%3A%2F%2Flocalhost%3A9005&scope=read%3Auser%20repo%20public_repo
[info] 
[info] Waiting for authentication...
[debug] [2025-05-05T09:21:32.368Z] >>> [apiv2][query] POST https://github.com/login/oauth/access_token [none]
[debug] [2025-05-05T09:21:32.369Z] >>> [apiv2][body] POST https://github.com/login/oauth/access_token [stream]
[debug] [2025-05-05T09:21:32.825Z] <<< [apiv2][status] POST https://github.com/login/oauth/access_token 200
[debug] [2025-05-05T09:21:32.826Z] <<< [apiv2][body] POST https://github.com/login/oauth/access_token {"access_token":"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","token_type":"bearer","scope":"read:user,repo"}
[debug] [2025-05-05T09:21:32.875Z] >>> [apiv2][query] GET https://api.github.com/user [none]
[debug] [2025-05-05T09:21:33.325Z] <<< [apiv2][status] GET https://api.github.com/user 200
[debug] [2025-05-05T09:21:33.327Z] <<< [apiv2][body] GET https://api.github.com/user {"login":"paulocrn","id":45406741,"node_id":"MDQ6VXNlcjQ1NDA2NzQx","avatar_url":"https://avatars.githubusercontent.com/u/45406741?v=4","gravatar_id":"","url":"https://api.github.com/users/paulocrn","html_url":"https://github.com/paulocrn","followers_url":"https://api.github.com/users/paulocrn/followers","following_url":"https://api.github.com/users/paulocrn/following{/other_user}","gists_url":"https://api.github.com/users/paulocrn/gists{/gist_id}","starred_url":"https://api.github.com/users/paulocrn/starred{/owner}{/repo}","subscriptions_url":"https://api.github.com/users/paulocrn/subscriptions","organizations_url":"https://api.github.com/users/paulocrn/orgs","repos_url":"https://api.github.com/users/paulocrn/repos","events_url":"https://api.github.com/users/paulocrn/events{/privacy}","received_events_url":"https://api.github.com/users/paulocrn/received_events","type":"User","user_view_type":"private","site_admin":false,"name":null,"company":null,"blog":"","location":null,"email":null,"hireable":null,"bio":null,"twitter_username":null,"notification_email":null,"public_repos":11,"public_gists":0,"followers":0,"following":2,"created_at":"2018-11-27T22:02:52Z","updated_at":"2025-04-23T18:51:43Z","private_gists":0,"total_private_repos":6,"owned_private_repos":6,"disk_usage":62867,"collaborators":1,"two_factor_authentication":false,"plan":{"name":"free","space":976562499,"collaborators":0,"private_repos":10000}}
[info] 
[info] +  Success! Logged into GitHub as paulocrn 
[info] 
